{"meta": {"format": 3, "version": "7.13.3", "timestamp": "2026-03-11T11:18:14.188253", "branch_coverage": false, "show_contexts": false}, "files": {"scripts\\build_directory.py": {"executed_lines": [7, 8, 9, 10, 11, 12, 13, 16, 17, 20, 22, 44, 47, 149, 155, 156, 158, 159, 160, 166, 167, 168, 174, 176, 184, 185, 188, 204, 207, 209, 211, 212, 213, 214, 215, 216, 217, 220, 221, 222, 223, 227, 229, 230, 231, 233, 234, 239, 240, 241, 243, 244, 245, 246, 247, 249, 251, 253, 254, 256, 261, 262, 263, 264, 265, 266, 267, 269, 270, 271, 279, 280, 281, 283, 284, 288, 295, 296, 305, 315, 316, 318, 321, 328, 329, 330, 332, 337, 338, 340, 352, 353, 355, 358, 366, 368, 374, 377, 388, 389, 390, 393, 395, 397, 404, 405, 406, 409, 415, 418, 419, 420, 421, 423, 426, 429, 430, 431, 433, 434, 437, 440, 441, 442, 443, 446, 450, 452, 453, 454, 455, 456, 457, 458, 460, 461, 464, 465, 466, 467, 468, 469, 471, 478, 479, 486, 488, 490, 492, 498, 502], "summary": {"covered_lines": 151, "num_statements": 163, "percent_covered": 92.63803680981596, "percent_covered_display": "93", "missing_lines": 12, "excluded_lines": 0, "percent_statements_covered": 92.63803680981596, "percent_statements_covered_display": "93"}, "missing_lines": [18, 169, 170, 171, 235, 236, 237, 259, 285, 286, 499, 503], "excluded_lines": [], "functions": {"minify_html": {"executed_lines": [159, 160, 166, 167, 168], "summary": {"covered_lines": 5, "num_statements": 5, "percent_covered": 100.0, "percent_covered_display": "100", "missing_lines": 0, "excluded_lines": 0, "percent_statements_covered": 100.0, "percent_statements_covered_display": "100"}, "missing_lines": [], "excluded_lines": [], "start_line": 158}, "create_jinja_env": {"executed_lines": [176, 184, 185, 188, 204], "summary": {"covered_lines": 5, "num_statements": 5, "percent_covered": 100.0, "percent_covered_display": "100", "missing_lines": 0, "excluded_lines": 0, "percent_statements_covered": 100.0, "percent_statements_covered_display": "100"}, "missing_lines": [], "excluded_lines": [], "start_line": 174}, "copy_static_assets": {"executed_lines": [209, 211, 212, 213, 214, 215, 216, 217, 220, 221, 222, 223], "summary": {"covered_lines": 12, "num_statements": 12, "percent_covered": 100.0, "percent_covered_display": "100", "missing_lines": 0, "excluded_lines": 0, "percent_statements_covered": 100.0, "percent_statements_covered_display": "100"}, "missing_lines": [], "excluded_lines": [], "start_line": 207}, "optimize_images": {"executed_lines": [229, 230, 231, 233, 234, 239, 240, 241, 243, 244, 245, 246, 247, 249, 251, 253, 254, 256, 261, 262, 263, 264, 265, 266, 267, 269, 270], "summary": {"covered_lines": 27, "num_statements": 31, "percent_covered": 87.09677419354838, "percent_covered_display": "87", "missing_lines": 4, "excluded_lines": 0, "percent_statements_covered": 87.09677419354838, "percent_statements_covered_display": "87"}, "missing_lines": [235, 236, 237, 259], "excluded_lines": [], "start_line": 227}, "build_item_pages": {"executed_lines": [279, 280, 281, 283, 284, 288, 295, 296, 305, 315, 316, 318], "summary": {"covered_lines": 12, "num_statements": 14, "percent_covered": 85.71428571428571, "percent_covered_display": "86", "missing_lines": 2, "excluded_lines": 0, "percent_statements_covered": 85.71428571428571, "percent_statements_covered_display": "86"}, "missing_lines": [285, 286], "excluded_lines": [], "start_line": 271}, "build_category_pages": {"executed_lines": [328, 329, 330, 332, 337, 338, 340, 352, 353, 355], "summary": {"covered_lines": 10, "num_statements": 10, "percent_covered": 100.0, "percent_covered_display": "100", "missing_lines": 0, "excluded_lines": 0, "percent_statements_covered": 100.0, "percent_statements_covered_display": "100"}, "missing_lines": [], "excluded_lines": [], "start_line": 321}, "build_index_page": {"executed_lines": [366, 368, 374, 377, 388, 389, 390], "summary": {"covered_lines": 7, "num_statements": 7, "percent_covered": 100.0, "percent_covered_display": "100", "missing_lines": 0, "excluded_lines": 0, "percent_statements_covered": 100.0, "percent_statements_covered_display": "100"}, "missing_lines": [], "excluded_lines": [], "start_line": 358}, "build_404_page": {"executed_lines": [395, 397, 404, 405, 406], "summary": {"covered_lines": 5, "num_statements": 5, "percent_covered": 100.0, "percent_covered_display": "100", "missing_lines": 0, "excluded_lines": 0, "percent_statements_covered": 100.0, "percent_statements_covered_display": "100"}, "missing_lines": [], "excluded_lines": [], "start_line": 393}, "build_site": {"executed_lines": [415, 418, 419, 420, 421, 423, 426, 429, 430, 431, 433, 434, 437, 440, 441, 442, 443, 446, 450, 452, 453, 454, 455, 456, 457, 458, 460, 461, 464, 465, 466, 467, 468, 469, 471, 478, 479, 486, 488, 490, 492], "summary": {"covered_lines": 41, "num_statements": 41, "percent_covered": 100.0, "percent_covered_display": "100", "missing_lines": 0, "excluded_lines": 0, "percent_statements_covered": 100.0, "percent_statements_covered_display": "100"}, "missing_lines": [], "excluded_lines": [], "start_line": 409}, "main": {"executed_lines": [], "summary": {"covered_lines": 0, "num_statements": 1, "percent_covered": 0.0, "percent_covered_display": "0", "missing_lines": 1, "excluded_lines": 0, "percent_statements_covered": 0.0, "percent_statements_covered_display": "0"}, "missing_lines": [499], "excluded_lines": [], "start_line": 498}, "": {"executed_lines": [7, 8, 9, 10, 11, 12, 13, 16, 17, 20, 22, 44, 47, 149, 155, 156, 158, 174, 207, 227, 271, 321, 358, 393, 409, 498, 502], "summary": {"covered_lines": 27, "num_statements": 32, "percent_covered": 84.375, "percent_covered_display": "84", "missing_lines": 5, "excluded_lines": 0, "percent_statements_covered": 84.375, "percent_statements_covered_display": "84"}, "missing_lines": [18, 169, 170, 171, 503], "excluded_lines": [], "start_line": 1}}, "classes": {"": {"executed_lines": [7, 8, 9, 10, 11, 12, 13, 16, 17, 20, 22, 44, 47, 149, 155, 156, 158, 159, 160, 166, 167, 168, 174, 176, 184, 185, 188, 204, 207, 209, 211, 212, 213, 214, 215, 216, 217, 220, 221, 222, 223, 227, 229, 230, 231, 233, 234, 239, 240, 241, 243, 244, 245, 246, 247, 249, 251, 253, 254, 256, 261, 262, 263, 264, 265, 266, 267, 269, 270, 271, 279, 280, 281, 283, 284, 288, 295, 296, 305, 315, 316, 318, 321, 328, 329, 330, 332, 337, 338, 340, 352, 353, 355, 358, 366, 368, 374, 377, 388, 389, 390, 393, 395, 397, 404, 405, 406, 409, 415, 418, 419, 420, 421, 423, 426, 429, 430, 431, 433, 434, 437, 440, 441, 442, 443, 446, 450, 452, 453, 454, 455, 456, 457, 458, 460, 461, 464, 465, 466, 467, 468, 469, 471, 478, 479, 486, 488, 490, 492, 498, 502], "summary": {"covered_lines": 151, "num_statements": 163, "percent_covered": 92.63803680981596, "percent_covered_display": "93", "missing_lines": 12, "excluded_lines": 0, "percent_statements_covered": 92.63803680981596, "percent_statements_covered_display": "93"}, "missing_lines": [18, 169, 170, 171, 235, 236, 237, 259, 285, 286, 499, 503], "excluded_lines": [], "start_line": 1}}}, "scripts\\cleanup.py": {"executed_lines": [1, 2, 3, 5, 17, 32, 37, 38, 41, 44, 45, 46, 47, 48, 53, 54, 55, 56, 57, 58, 62], "summary": {"covered_lines": 21, "num_statements": 26, "percent_covered": 80.76923076923077, "percent_covered_display": "81", "missing_lines": 5, "excluded_lines": 0, "percent_statements_covered": 80.76923076923077, "percent_statements_covered_display": "81"}, "missing_lines": [39, 49, 50, 59, 60], "excluded_lines": [], "functions": {"": {"executed_lines": [1, 2, 3, 5, 17, 32, 37, 38, 41, 44, 45, 46, 47, 48, 53, 54, 55, 56, 57, 58, 62], "summary": {"covered_lines": 21, "num_statements": 26, "percent_covered": 80.76923076923077, "percent_covered_display": "81", "missing_lines": 5, "excluded_lines": 0, "percent_statements_covered": 80.76923076923077, "percent_statements_covered_display": "81"}, "missing_lines": [39, 49, 50, 59, 60], "excluded_lines": [], "start_line": 1}}, "classes": {"": {"executed_lines": [1, 2, 3, 5, 17, 32, 37, 38, 41, 44, 45, 46, 47, 48, 53, 54, 55, 56, 57, 58, 62], "summary": {"covered_lines": 21, "num_statements": 26, "percent_covered": 80.76923076923077, "percent_covered_display": "81", "missing_lines": 5, "excluded_lines": 0, "percent_statements_covered": 80.76923076923077, "percent_statements_covered_display": "81"}, "missing_lines": [39, 49, 50, 59, 60], "excluded_lines": [], "start_line": 1}}}, "scripts\\distribute_pin_tests.py": {"executed_lines": [1, 3, 12, 24, 25, 26, 27, 28], "summary": {"covered_lines": 8, "num_statements": 8, "percent_covered": 100.0, "percent_covered_display": "100", "missing_lines": 0, "excluded_lines": 0, "percent_statements_covered": 100.0, "percent_statements_covered_display": "100"}, "missing_lines": [], "excluded_lines": [], "functions": {"": {"executed_lines": [1, 3, 12, 24, 25, 26, 27, 28], "summary": {"covered_lines": 8, "num_statements": 8, "percent_covered": 100.0, "percent_covered_display": "100", "missing_lines": 0, "excluded_lines": 0, "percent_statements_covered": 100.0, "percent_statements_covered_display": "100"}, "missing_lines": [], "excluded_lines": [], "start_line": 1}}, "classes": {"": {"executed_lines": [1, 3, 12, 24, 25, 26, 27, 28], "summary": {"covered_lines": 8, "num_statements": 8, "percent_covered": 100.0, "percent_covered_display": "100", "missing_lines": 0, "excluded_lines": 0, "percent_statements_covered": 100.0, "percent_statements_covered_display": "100"}, "missing_lines": [], "excluded_lines": [], "start_line": 1}}}, "scripts\\expand_data.py": {"executed_lines": [1, 2, 4, 167, 168, 169, 170, 171, 172, 173, 175], "summary": {"covered_lines": 11, "num_statements": 11, "percent_covered": 100.0, "percent_covered_display": "100", "missing_lines": 0, "excluded_lines": 0, "percent_statements_covered": 100.0, "percent_statements_covered_display": "100"}, "missing_lines": [], "excluded_lines": [], "functions": {"": {"executed_lines": [1, 2, 4, 167, 168, 169, 170, 171, 172, 173, 175], "summary": {"covered_lines": 11, "num_statements": 11, "percent_covered": 100.0, "percent_covered_display": "100", "missing_lines": 0, "excluded_lines": 0, "percent_statements_covered": 100.0, "percent_statements_covered_display": "100"}, "missing_lines": [], "excluded_lines": [], "start_line": 1}}, "classes": {"": {"executed_lines": [1, 2, 4, 167, 168, 169, 170, 171, 172, 173, 175], "summary": {"covered_lines": 11, "num_statements": 11, "percent_covered": 100.0, "percent_covered_display": "100", "missing_lines": 0, "excluded_lines": 0, "percent_statements_covered": 100.0, "percent_statements_covered_display": "100"}, "missing_lines": [], "excluded_lines": [], "start_line": 1}}}, "scripts\\fetch_data.py": {"executed_lines": [7, 8, 9, 11, 13, 16, 19, 22, 24, 27, 33, 34, 35, 36, 38, 39, 41, 42, 43, 46, 52, 53, 54, 55, 57, 58, 61, 62, 65, 74, 75, 77, 78, 80, 81, 82, 83, 84, 86, 98, 107, 108, 109, 110, 111, 112, 114, 117, 123, 126, 127, 130, 131, 132, 134, 135, 136, 138, 141, 142, 143, 144, 145, 147, 150, 151, 153, 158, 159, 160, 162, 165, 167, 168, 169, 171, 174, 177], "summary": {"covered_lines": 78, "num_statements": 82, "percent_covered": 95.1219512195122, "percent_covered_display": "95", "missing_lines": 4, "excluded_lines": 0, "percent_statements_covered": 95.1219512195122, "percent_statements_covered_display": "95"}, "missing_lines": [60, 154, 155, 178], "excluded_lines": [], "functions": {"fetch_from_primary": {"executed_lines": [33, 34, 35, 36, 38, 39, 41, 42, 43], "summary": {"covered_lines": 9, "num_statements": 9, "percent_covered": 100.0, "percent_covered_display": "100", "missing_lines": 0, "excluded_lines": 0, "percent_statements_covered": 100.0, "percent_statements_covered_display": "100"}, "missing_lines": [], "excluded_lines": [], "start_line": 27}, "fetch_from_alternative": {"executed_lines": [52, 53, 54, 55, 57, 58, 61, 62], "summary": {"covered_lines": 8, "num_statements": 9, "percent_covered": 88.88888888888889, "percent_covered_display": "89", "missing_lines": 1, "excluded_lines": 0, "percent_statements_covered": 88.88888888888889, "percent_statements_covered_display": "89"}, "missing_lines": [60], "excluded_lines": [], "start_line": 46}, "normalize_entry": {"executed_lines": [74, 75, 77, 78, 80, 81, 82, 83, 84, 86], "summary": {"covered_lines": 10, "num_statements": 10, "percent_covered": 100.0, "percent_covered_display": "100", "missing_lines": 0, "excluded_lines": 0, "percent_statements_covered": 100.0, "percent_statements_covered_display": "100"}, "missing_lines": [], "excluded_lines": [], "start_line": 65}, "deduplicate": {"executed_lines": [107, 108, 109, 110, 111, 112, 114], "summary": {"covered_lines": 7, "num_statements": 7, "percent_covered": 100.0, "percent_covered_display": "100", "missing_lines": 0, "excluded_lines": 0, "percent_statements_covered": 100.0, "percent_statements_covered_display": "100"}, "missing_lines": [], "excluded_lines": [], "start_line": 98}, "fetch_and_save": {"executed_lines": [123, 126, 127, 130, 131, 132, 134, 135, 136, 138, 141, 142, 143, 144, 145, 147, 150, 151, 153, 158, 159, 160, 162], "summary": {"covered_lines": 23, "num_statements": 25, "percent_covered": 92.0, "percent_covered_display": "92", "missing_lines": 2, "excluded_lines": 0, "percent_statements_covered": 92.0, "percent_statements_covered_display": "92"}, "missing_lines": [154, 155], "excluded_lines": [], "start_line": 117}, "main": {"executed_lines": [167, 168, 169, 171, 174], "summary": {"covered_lines": 5, "num_statements": 5, "percent_covered": 100.0, "percent_covered_display": "100", "missing_lines": 0, "excluded_lines": 0, "percent_statements_covered": 100.0, "percent_statements_covered_display": "100"}, "missing_lines": [], "excluded_lines": [], "start_line": 165}, "": {"executed_lines": [7, 8, 9, 11, 13, 16, 19, 22, 24, 27, 46, 65, 98, 117, 165, 177], "summary": {"covered_lines": 16, "num_statements": 17, "percent_covered": 94.11764705882354, "percent_covered_display": "94", "missing_lines": 1, "excluded_lines": 0, "percent_statements_covered": 94.11764705882354, "percent_statements_covered_display": "94"}, "missing_lines": [178], "excluded_lines": [], "start_line": 1}}, "classes": {"": {"executed_lines": [7, 8, 9, 11, 13, 16, 19, 22, 24, 27, 33, 34, 35, 36, 38, 39, 41, 42, 43, 46, 52, 53, 54, 55, 57, 58, 61, 62, 65, 74, 75, 77, 78, 80, 81, 82, 83, 84, 86, 98, 107, 108, 109, 110, 111, 112, 114, 117, 123, 126, 127, 130, 131, 132, 134, 135, 136, 138, 141, 142, 143, 144, 145, 147, 150, 151, 153, 158, 159, 160, 162, 165, 167, 168, 169, 171, 174, 177], "summary": {"covered_lines": 78, "num_statements": 82, "percent_covered": 95.1219512195122, "percent_covered_display": "95", "missing_lines": 4, "excluded_lines": 0, "percent_statements_covered": 95.1219512195122, "percent_statements_covered_display": "95"}, "missing_lines": [60, 154, 155, 178], "excluded_lines": [], "start_line": 1}}}, "scripts\\fix_slugs.py": {"executed_lines": [1, 3, 4, 5, 18, 45, 47, 48, 49, 50, 51, 52, 56, 68, 69, 70, 71, 73], "summary": {"covered_lines": 18, "num_statements": 19, "percent_covered": 94.73684210526316, "percent_covered_display": "95", "missing_lines": 1, "excluded_lines": 0, "percent_statements_covered": 94.73684210526316, "percent_statements_covered_display": "95"}, "missing_lines": [54], "excluded_lines": [], "functions": {"update_utils_py": {"executed_lines": [4, 5, 18, 45, 47, 48, 49, 50, 51, 52], "summary": {"covered_lines": 10, "num_statements": 11, "percent_covered": 90.9090909090909, "percent_covered_display": "91", "missing_lines": 1, "excluded_lines": 0, "percent_statements_covered": 90.9090909090909, "percent_statements_covered_display": "91"}, "missing_lines": [54], "excluded_lines": [], "start_line": 3}, "": {"executed_lines": [1, 3, 56, 68, 69, 70, 71, 73], "summary": {"covered_lines": 8, "num_statements": 8, "percent_covered": 100.0, "percent_covered_display": "100", "missing_lines": 0, "excluded_lines": 0, "percent_statements_covered": 100.0, "percent_statements_covered_display": "100"}, "missing_lines": [], "excluded_lines": [], "start_line": 1}}, "classes": {"": {"executed_lines": [1, 3, 4, 5, 18, 45, 47, 48, 49, 50, 51, 52, 56, 68, 69, 70, 71, 73], "summary": {"covered_lines": 18, "num_statements": 19, "percent_covered": 94.73684210526316, "percent_covered_display": "95", "missing_lines": 1, "excluded_lines": 0, "percent_statements_covered": 94.73684210526316, "percent_statements_covered_display": "95"}, "missing_lines": [54], "excluded_lines": [], "start_line": 1}}}, "scripts\\fix_syntax.py": {"executed_lines": [1, 3, 14, 15, 16, 17, 18, 21, 22, 23, 24, 25, 26, 27, 31], "summary": {"covered_lines": 15, "num_statements": 16, "percent_covered": 93.75, "percent_covered_display": "94", "missing_lines": 1, "excluded_lines": 0, "percent_statements_covered": 93.75, "percent_statements_covered_display": "94"}, "missing_lines": [29], "excluded_lines": [], "functions": {"": {"executed_lines": [1, 3, 14, 15, 16, 17, 18, 21, 22, 23, 24, 25, 26, 27, 31], "summary": {"covered_lines": 15, "num_statements": 16, "percent_covered": 93.75, "percent_covered_display": "94", "missing_lines": 1, "excluded_lines": 0, "percent_statements_covered": 93.75, "percent_statements_covered_display": "94"}, "missing_lines": [29], "excluded_lines": [], "start_line": 1}}, "classes": {"": {"executed_lines": [1, 3, 14, 15, 16, 17, 18, 21, 22, 23, 24, 25, 26, 27, 31], "summary": {"covered_lines": 15, "num_statements": 16, "percent_covered": 93.75, "percent_covered_display": "94", "missing_lines": 1, "excluded_lines": 0, "percent_statements_covered": 93.75, "percent_statements_covered_display": "94"}, "missing_lines": [29], "excluded_lines": [], "start_line": 1}}}, "scripts\\generate_pins.py": {"executed_lines": [4, 6, 12, 13, 15], "summary": {"covered_lines": 5, "num_statements": 6, "percent_covered": 83.33333333333333, "percent_covered_display": "83", "missing_lines": 1, "excluded_lines": 0, "percent_statements_covered": 83.33333333333333, "percent_statements_covered_display": "83"}, "missing_lines": [16], "excluded_lines": [], "functions": {"generate_pinterest_images": {"executed_lines": [12, 13], "summary": {"covered_lines": 2, "num_statements": 2, "percent_covered": 100.0, "percent_covered_display": "100", "missing_lines": 0, "excluded_lines": 0, "percent_statements_covered": 100.0, "percent_statements_covered_display": "100"}, "missing_lines": [], "excluded_lines": [], "start_line": 6}, "": {"executed_lines": [4, 6, 15], "summary": {"covered_lines": 3, "num_statements": 4, "percent_covered": 75.0, "percent_covered_display": "75", "missing_lines": 1, "excluded_lines": 0, "percent_statements_covered": 75.0, "percent_statements_covered_display": "75"}, "missing_lines": [16], "excluded_lines": [], "start_line": 1}}, "classes": {"": {"executed_lines": [4, 6, 12, 13, 15], "summary": {"covered_lines": 5, "num_statements": 6, "percent_covered": 83.33333333333333, "percent_covered_display": "83", "missing_lines": 1, "excluded_lines": 0, "percent_statements_covered": 83.33333333333333, "percent_statements_covered_display": "83"}, "missing_lines": [16], "excluded_lines": [], "start_line": 1}}}, "scripts\\generate_sitemap.py": {"executed_lines": [7, 8, 9, 10, 11, 12, 15, 16, 19, 22, 31, 34, 35, 36, 37, 38, 41, 43, 46, 55, 56, 57, 58, 59, 60, 62, 65, 74, 75, 76, 77, 79, 82, 92, 95, 96, 98, 100, 101, 104, 105, 107, 109, 110, 112, 113, 115, 116, 118, 119, 122, 125, 127, 128, 129, 132, 141, 144, 152, 159, 161, 164, 166, 167, 168, 169, 172, 173, 174, 175, 178, 179, 180, 181, 182, 184, 186, 189, 193], "summary": {"covered_lines": 79, "num_statements": 87, "percent_covered": 90.80459770114942, "percent_covered_display": "91", "missing_lines": 8, "excluded_lines": 0, "percent_statements_covered": 90.80459770114942, "percent_statements_covered_display": "91"}, "missing_lines": [17, 32, 93, 142, 160, 162, 190, 194], "excluded_lines": [], "functions": {"collect_pages": {"executed_lines": [31, 34, 35, 36, 37, 38, 41, 43], "summary": {"covered_lines": 8, "num_statements": 9, "percent_covered": 88.88888888888889, "percent_covered_display": "89", "missing_lines": 1, "excluded_lines": 0, "percent_statements_covered": 88.88888888888889, "percent_statements_covered_display": "89"}, "missing_lines": [32], "excluded_lines": [], "start_line": 22}, "get_priority": {"executed_lines": [55, 56, 57, 58, 59, 60, 62], "summary": {"covered_lines": 7, "num_statements": 7, "percent_covered": 100.0, "percent_covered_display": "100", "missing_lines": 0, "excluded_lines": 0, "percent_statements_covered": 100.0, "percent_statements_covered_display": "100"}, "missing_lines": [], "excluded_lines": [], "start_line": 46}, "get_changefreq": {"executed_lines": [74, 75, 76, 77, 79], "summary": {"covered_lines": 5, "num_statements": 5, "percent_covered": 100.0, "percent_covered_display": "100", "missing_lines": 0, "excluded_lines": 0, "percent_statements_covered": 100.0, "percent_statements_covered_display": "100"}, "missing_lines": [], "excluded_lines": [], "start_line": 65}, "build_sitemap_xml": {"executed_lines": [92, 95, 96, 98, 100, 101, 104, 105, 107, 109, 110, 112, 113, 115, 116, 118, 119, 122, 125, 127, 128, 129], "summary": {"covered_lines": 22, "num_statements": 23, "percent_covered": 95.65217391304348, "percent_covered_display": "96", "missing_lines": 1, "excluded_lines": 0, "percent_statements_covered": 95.65217391304348, "percent_statements_covered_display": "96"}, "missing_lines": [93], "excluded_lines": [], "start_line": 82}, "build_robots_txt": {"executed_lines": [141, 144], "summary": {"covered_lines": 2, "num_statements": 3, "percent_covered": 66.66666666666667, "percent_covered_display": "67", "missing_lines": 1, "excluded_lines": 0, "percent_statements_covered": 66.66666666666667, "percent_statements_covered_display": "67"}, "missing_lines": [142], "excluded_lines": [], "start_line": 132}, "generate_sitemap": {"executed_lines": [159, 161, 164, 166, 167, 168, 169, 172, 173, 174, 175, 178, 179, 180, 181, 182, 184, 186], "summary": {"covered_lines": 18, "num_statements": 20, "percent_covered": 90.0, "percent_covered_display": "90", "missing_lines": 2, "excluded_lines": 0, "percent_statements_covered": 90.0, "percent_statements_covered_display": "90"}, "missing_lines": [160, 162], "excluded_lines": [], "start_line": 152}, "main": {"executed_lines": [], "summary": {"covered_lines": 0, "num_statements": 1, "percent_covered": 0.0, "percent_covered_display": "0", "missing_lines": 1, "excluded_lines": 0, "percent_statements_covered": 0.0, "percent_statements_covered_display": "0"}, "missing_lines": [190], "excluded_lines": [], "start_line": 189}, "": {"executed_lines": [7, 8, 9, 10, 11, 12, 15, 16, 19, 22, 46, 65, 82, 132, 152, 189, 193], "summary": {"covered_lines": 17, "num_statements": 19, "percent_covered": 89.47368421052632, "percent_covered_display": "89", "missing_lines": 2, "excluded_lines": 0, "percent_statements_covered": 89.47368421052632, "percent_statements_covered_display": "89"}, "missing_lines": [17, 194], "excluded_lines": [], "start_line": 1}}, "classes": {"": {"executed_lines": [7, 8, 9, 10, 11, 12, 15, 16, 19, 22, 31, 34, 35, 36, 37, 38, 41, 43, 46, 55, 56, 57, 58, 59, 60, 62, 65, 74, 75, 76, 77, 79, 82, 92, 95, 96, 98, 100, 101, 104, 105, 107, 109, 110, 112, 113, 115, 116, 118, 119, 122, 125, 127, 128, 129, 132, 141, 144, 152, 159, 161, 164, 166, 167, 168, 169, 172, 173, 174, 175, 178, 179, 180, 181, 182, 184, 186, 189, 193], "summary": {"covered_lines": 79, "num_statements": 87, "percent_covered": 90.80459770114942, "percent_covered_display": "91", "missing_lines": 8, "excluded_lines": 0, "percent_statements_covered": 90.80459770114942, "percent_statements_covered_display": "91"}, "missing_lines": [17, 32, 93, 142, 160, 162, 190, 194], "excluded_lines": [], "start_line": 1}}}, "scripts\\github_distribute.py": {"executed_lines": [1, 2, 3, 4, 5, 8, 9, 11, 13, 15, 16, 17, 19, 20, 21, 22, 23, 24, 26, 32, 33, 35, 36, 37, 40, 41, 45, 46, 48, 50, 51, 52, 54, 56, 57, 58, 63, 67, 68, 69, 72, 73, 74, 75, 76, 78, 88, 89, 90, 94, 96, 97, 98, 99, 100, 102, 104], "summary": {"covered_lines": 57, "num_statements": 65, "percent_covered": 87.6923076923077, "percent_covered_display": "88", "missing_lines": 8, "excluded_lines": 0, "percent_statements_covered": 87.6923076923077, "percent_statements_covered_display": "88"}, "missing_lines": [27, 28, 30, 42, 70, 91, 92, 105], "excluded_lines": [], "functions": {"get_username": {"executed_lines": [15, 16, 17, 19, 20, 21, 22, 23, 24, 26, 32, 33], "summary": {"covered_lines": 12, "num_statements": 15, "percent_covered": 80.0, "percent_covered_display": "80", "missing_lines": 3, "excluded_lines": 0, "percent_statements_covered": 80.0, "percent_statements_covered_display": "80"}, "missing_lines": [27, 28, 30], "excluded_lines": [], "start_line": 13}, "get_projects": {"executed_lines": [36, 37, 40, 41, 45, 46, 48], "summary": {"covered_lines": 7, "num_statements": 8, "percent_covered": 87.5, "percent_covered_display": "88", "missing_lines": 1, "excluded_lines": 0, "percent_statements_covered": 87.5, "percent_statements_covered_display": "88"}, "missing_lines": [42], "excluded_lines": [], "start_line": 35}, "create_github_repo": {"executed_lines": [51, 52, 54, 56, 57, 58, 63, 67, 68, 69], "summary": {"covered_lines": 10, "num_statements": 11, "percent_covered": 90.9090909090909, "percent_covered_display": "91", "missing_lines": 1, "excluded_lines": 0, "percent_statements_covered": 90.9090909090909, "percent_statements_covered_display": "91"}, "missing_lines": [70], "excluded_lines": [], "start_line": 50}, "sync_repo": {"executed_lines": [73, 74, 75, 76, 78, 88, 89, 90], "summary": {"covered_lines": 8, "num_statements": 10, "percent_covered": 80.0, "percent_covered_display": "80", "missing_lines": 2, "excluded_lines": 0, "percent_statements_covered": 80.0, "percent_statements_covered_display": "80"}, "missing_lines": [91, 92], "excluded_lines": [], "start_line": 72}, "main": {"executed_lines": [96, 97, 98, 99, 100, 102], "summary": {"covered_lines": 6, "num_statements": 6, "percent_covered": 100.0, "percent_covered_display": "100", "missing_lines": 0, "excluded_lines": 0, "percent_statements_covered": 100.0, "percent_statements_covered_display": "100"}, "missing_lines": [], "excluded_lines": [], "start_line": 94}, "": {"executed_lines": [1, 2, 3, 4, 5, 8, 9, 11, 13, 35, 50, 72, 94, 104], "summary": {"covered_lines": 14, "num_statements": 15, "percent_covered": 93.33333333333333, "percent_covered_display": "93", "missing_lines": 1, "excluded_lines": 0, "percent_statements_covered": 93.33333333333333, "percent_statements_covered_display": "93"}, "missing_lines": [105], "excluded_lines": [], "start_line": 1}}, "classes": {"": {"executed_lines": [1, 2, 3, 4, 5, 8, 9, 11, 13, 15, 16, 17, 19, 20, 21, 22, 23, 24, 26, 32, 33, 35, 36, 37, 40, 41, 45, 46, 48, 50, 51, 52, 54, 56, 57, 58, 63, 67, 68, 69, 72, 73, 74, 75, 76, 78, 88, 89, 90, 94, 96, 97, 98, 99, 100, 102, 104], "summary": {"covered_lines": 57, "num_statements": 65, "percent_covered": 87.6923076923077, "percent_covered_display": "88", "missing_lines": 8, "excluded_lines": 0, "percent_statements_covered": 87.6923076923077, "percent_statements_covered_display": "88"}, "missing_lines": [27, 28, 30, 42, 70, 91, 92, 105], "excluded_lines": [], "start_line": 1}}}, "scripts\\github_restore.py": {"executed_lines": [1, 2, 3, 4, 5, 6, 9, 10, 11, 12, 14, 15, 31, 32, 33, 35, 37, 38, 39, 40, 41, 42, 43, 44, 45, 47, 48, 50, 52, 53, 57, 62, 63, 64, 65, 71, 72, 74, 79, 80, 81, 84, 85, 86, 87, 88, 89, 98, 99, 102, 104, 105, 106, 108, 110], "summary": {"covered_lines": 55, "num_statements": 70, "percent_covered": 78.57142857142857, "percent_covered_display": "79", "missing_lines": 15, "excluded_lines": 0, "percent_statements_covered": 78.57142857142857, "percent_statements_covered_display": "79"}, "missing_lines": [54, 55, 56, 58, 59, 60, 75, 76, 77, 92, 93, 94, 96, 100, 111], "excluded_lines": [], "functions": {"get_projects": {"executed_lines": [15], "summary": {"covered_lines": 1, "num_statements": 1, "percent_covered": 100.0, "percent_covered_display": "100", "missing_lines": 0, "excluded_lines": 0, "percent_statements_covered": 100.0, "percent_statements_covered_display": "100"}, "missing_lines": [], "excluded_lines": [], "start_line": 14}, "remove_readonly": {"executed_lines": [32, 33], "summary": {"covered_lines": 2, "num_statements": 2, "percent_covered": 100.0, "percent_covered_display": "100", "missing_lines": 0, "excluded_lines": 0, "percent_statements_covered": 100.0, "percent_statements_covered_display": "100"}, "missing_lines": [], "excluded_lines": [], "start_line": 31}, "safe_rmtree": {"executed_lines": [37, 38, 39, 40, 41, 42, 43, 44, 45, 47, 48], "summary": {"covered_lines": 11, "num_statements": 11, "percent_covered": 100.0, "percent_covered_display": "100", "missing_lines": 0, "excluded_lines": 0, "percent_statements_covered": 100.0, "percent_statements_covered_display": "100"}, "missing_lines": [], "excluded_lines": [], "start_line": 35}, "cleanup_tmp": {"executed_lines": [52, 53, 57], "summary": {"covered_lines": 3, "num_statements": 9, "percent_covered": 33.333333333333336, "percent_covered_display": "33", "missing_lines": 6, "excluded_lines": 0, "percent_statements_covered": 33.333333333333336, "percent_statements_covered_display": "33"}, "missing_lines": [54, 55, 56, 58, 59, 60], "excluded_lines": [], "start_line": 50}, "restore_project": {"executed_lines": [63, 64, 65, 71, 72, 74, 79, 80, 81, 84, 85, 86, 87, 88, 89], "summary": {"covered_lines": 15, "num_statements": 22, "percent_covered": 68.18181818181819, "percent_covered_display": "68", "missing_lines": 7, "excluded_lines": 0, "percent_statements_covered": 68.18181818181819, "percent_statements_covered_display": "68"}, "missing_lines": [75, 76, 77, 92, 93, 94, 96], "excluded_lines": [], "start_line": 62}, "main": {"executed_lines": [99, 102, 104, 105, 106, 108], "summary": {"covered_lines": 6, "num_statements": 7, "percent_covered": 85.71428571428571, "percent_covered_display": "86", "missing_lines": 1, "excluded_lines": 0, "percent_statements_covered": 85.71428571428571, "percent_statements_covered_display": "86"}, "missing_lines": [100], "excluded_lines": [], "start_line": 98}, "": {"executed_lines": [1, 2, 3, 4, 5, 6, 9, 10, 11, 12, 14, 31, 35, 50, 62, 98, 110], "summary": {"covered_lines": 17, "num_statements": 18, "percent_covered": 94.44444444444444, "percent_covered_display": "94", "missing_lines": 1, "excluded_lines": 0, "percent_statements_covered": 94.44444444444444, "percent_statements_covered_display": "94"}, "missing_lines": [111], "excluded_lines": [], "start_line": 1}}, "classes": {"": {"executed_lines": [1, 2, 3, 4, 5, 6, 9, 10, 11, 12, 14, 15, 31, 32, 33, 35, 37, 38, 39, 40, 41, 42, 43, 44, 45, 47, 48, 50, 52, 53, 57, 62, 63, 64, 65, 71, 72, 74, 79, 80, 81, 84, 85, 86, 87, 88, 89, 98, 99, 102, 104, 105, 106, 108, 110], "summary": {"covered_lines": 55, "num_statements": 70, "percent_covered": 78.57142857142857, "percent_covered_display": "79", "missing_lines": 15, "excluded_lines": 0, "percent_statements_covered": 78.57142857142857, "percent_statements_covered_display": "79"}, "missing_lines": [54, 55, 56, 58, 59, 60, 75, 76, 77, 92, 93, 94, 96, 100, 111], "excluded_lines": [], "start_line": 1}}}, "scripts\\indexnow_submit.py": {"executed_lines": [4, 5, 6, 7, 8, 9, 10, 11, 14, 15, 17, 19, 20, 21, 22, 23, 24, 25, 26, 27, 29, 31, 32, 33, 35, 37, 44, 45, 47, 48, 49, 50, 51, 53, 54, 55, 56, 57, 58, 59, 60, 61, 62, 63, 65, 66, 67, 68, 70, 71, 72, 75, 76, 78, 80, 81, 82, 84, 85, 86, 88, 90, 91, 93], "summary": {"covered_lines": 64, "num_statements": 65, "percent_covered": 98.46153846153847, "percent_covered_display": "98", "missing_lines": 1, "excluded_lines": 0, "percent_statements_covered": 98.46153846153847, "percent_statements_covered_display": "98"}, "missing_lines": [94], "excluded_lines": [], "functions": {"parse_sitemap": {"executed_lines": [19, 20, 21, 22, 23, 24, 25, 26, 27], "summary": {"covered_lines": 9, "num_statements": 9, "percent_covered": 100.0, "percent_covered_display": "100", "missing_lines": 0, "excluded_lines": 0, "percent_statements_covered": 100.0, "percent_statements_covered_display": "100"}, "missing_lines": [], "excluded_lines": [], "start_line": 17}, "submit_to_indexnow": {"executed_lines": [31, 32, 33, 35, 37, 44, 45, 47, 48, 49, 50, 51, 53, 54, 55, 56, 57, 58, 59, 60, 61, 62, 63], "summary": {"covered_lines": 23, "num_statements": 23, "percent_covered": 100.0, "percent_covered_display": "100", "missing_lines": 0, "excluded_lines": 0, "percent_statements_covered": 100.0, "percent_statements_covered_display": "100"}, "missing_lines": [], "excluded_lines": [], "start_line": 29}, "main": {"executed_lines": [66, 67, 68, 70, 71, 72, 75, 76, 78, 80, 81, 82, 84, 85, 86, 88, 90, 91], "summary": {"covered_lines": 18, "num_statements": 18, "percent_covered": 100.0, "percent_covered_display": "100", "missing_lines": 0, "excluded_lines": 0, "percent_statements_covered": 100.0, "percent_statements_covered_display": "100"}, "missing_lines": [], "excluded_lines": [], "start_line": 65}, "": {"executed_lines": [4, 5, 6, 7, 8, 9, 10, 11, 14, 15, 17, 29, 65, 93], "summary": {"covered_lines": 14, "num_statements": 15, "percent_covered": 93.33333333333333, "percent_covered_display": "93", "missing_lines": 1, "excluded_lines": 0, "percent_statements_covered": 93.33333333333333, "percent_statements_covered_display": "93"}, "missing_lines": [94], "excluded_lines": [], "start_line": 1}}, "classes": {"": {"executed_lines": [4, 5, 6, 7, 8, 9, 10, 11, 14, 15, 17, 19, 20, 21, 22, 23, 24, 25, 26, 27, 29, 31, 32, 33, 35, 37, 44, 45, 47, 48, 49, 50, 51, 53, 54, 55, 56, 57, 58, 59, 60, 61, 62, 63, 65, 66, 67, 68, 70, 71, 72, 75, 76, 78, 80, 81, 82, 84, 85, 86, 88, 90, 91, 93], "summary": {"covered_lines": 64, "num_statements": 65, "percent_covered": 98.46153846153847, "percent_covered_display": "98", "missing_lines": 1, "excluded_lines": 0, "percent_statements_covered": 98.46153846153847, "percent_statements_covered_display": "98"}, "missing_lines": [94], "excluded_lines": [], "start_line": 1}}}, "scripts\\pinterest_automation.py": {"executed_lines": [1, 2, 3, 4, 5, 8, 9, 10, 12, 13, 14, 17, 18, 20, 21, 22, 23, 28, 30, 31, 32, 33, 35, 36, 38, 40, 41, 51, 52, 53, 54, 56, 57, 59, 60, 61, 62, 63, 64, 66, 67, 68, 69, 70, 73, 74, 75, 76, 77, 80, 81, 84, 85, 86, 87, 88, 89, 91, 92, 93, 96, 97, 98, 99, 100, 101, 102, 103, 104, 105, 106, 108], "summary": {"covered_lines": 72, "num_statements": 74, "percent_covered": 97.29729729729729, "percent_covered_display": "97", "missing_lines": 2, "excluded_lines": 0, "percent_statements_covered": 97.29729729729729, "percent_statements_covered_display": "97"}, "missing_lines": [71, 110], "excluded_lines": [], "functions": {"get_headers": {"executed_lines": [21, 22, 23], "summary": {"covered_lines": 3, "num_statements": 3, "percent_covered": 100.0, "percent_covered_display": "100", "missing_lines": 0, "excluded_lines": 0, "percent_statements_covered": 100.0, "percent_statements_covered_display": "100"}, "missing_lines": [], "excluded_lines": [], "start_line": 20}, "get_boards": {"executed_lines": [30, 31, 32, 33, 35, 36], "summary": {"covered_lines": 6, "num_statements": 6, "percent_covered": 100.0, "percent_covered_display": "100", "missing_lines": 0, "excluded_lines": 0, "percent_statements_covered": 100.0, "percent_statements_covered_display": "100"}, "missing_lines": [], "excluded_lines": [], "start_line": 28}, "create_pin": {"executed_lines": [40, 41, 51, 52, 53, 54, 56, 57], "summary": {"covered_lines": 8, "num_statements": 8, "percent_covered": 100.0, "percent_covered_display": "100", "missing_lines": 0, "excluded_lines": 0, "percent_statements_covered": 100.0, "percent_statements_covered_display": "100"}, "missing_lines": [], "excluded_lines": [], "start_line": 38}, "load_daily_facts": {"executed_lines": [60, 61, 62, 63, 64], "summary": {"covered_lines": 5, "num_statements": 5, "percent_covered": 100.0, "percent_covered_display": "100", "missing_lines": 0, "excluded_lines": 0, "percent_statements_covered": 100.0, "percent_statements_covered_display": "100"}, "missing_lines": [], "excluded_lines": [], "start_line": 59}, "load_directory_items": {"executed_lines": [67, 68, 69, 70], "summary": {"covered_lines": 4, "num_statements": 5, "percent_covered": 80.0, "percent_covered_display": "80", "missing_lines": 1, "excluded_lines": 0, "percent_statements_covered": 80.0, "percent_statements_covered_display": "80"}, "missing_lines": [71], "excluded_lines": [], "start_line": 66}, "automate_pinning": {"executed_lines": [74, 75, 76, 77, 80, 81, 84, 85, 86, 87, 88, 89, 91, 92, 93, 96, 97, 98, 99, 100, 101, 102, 103, 104, 105, 106], "summary": {"covered_lines": 26, "num_statements": 26, "percent_covered": 100.0, "percent_covered_display": "100", "missing_lines": 0, "excluded_lines": 0, "percent_statements_covered": 100.0, "percent_statements_covered_display": "100"}, "missing_lines": [], "excluded_lines": [], "start_line": 73}, "": {"executed_lines": [1, 2, 3, 4, 5, 8, 9, 10, 12, 13, 14, 17, 18, 20, 28, 38, 59, 66, 73, 108], "summary": {"covered_lines": 20, "num_statements": 21, "percent_covered": 95.23809523809524, "percent_covered_display": "95", "missing_lines": 1, "excluded_lines": 0, "percent_statements_covered": 95.23809523809524, "percent_statements_covered_display": "95"}, "missing_lines": [110], "excluded_lines": [], "start_line": 1}}, "classes": {"": {"executed_lines": [1, 2, 3, 4, 5, 8, 9, 10, 12, 13, 14, 17, 18, 20, 21, 22, 23, 28, 30, 31, 32, 33, 35, 36, 38, 40, 41, 51, 52, 53, 54, 56, 57, 59, 60, 61, 62, 63, 64, 66, 67, 68, 69, 70, 73, 74, 75, 76, 77, 80, 81, 84, 85, 86, 87, 88, 89, 91, 92, 93, 96, 97, 98, 99, 100, 101, 102, 103, 104, 105, 106, 108], "summary": {"covered_lines": 72, "num_statements": 74, "percent_covered": 97.29729729729729, "percent_covered_display": "97", "missing_lines": 2, "excluded_lines": 0, "percent_statements_covered": 97.29729729729729, "percent_statements_covered_display": "97"}, "missing_lines": [71, 110], "excluded_lines": [], "start_line": 1}}}, "scripts\\post_pinterest.py": {"executed_lines": [5, 6, 7, 8, 9, 10, 11, 12, 14, 15, 17, 18, 20, 21, 22, 27, 28, 31, 32, 33, 34, 35, 38, 39, 40, 42, 44, 45, 46, 47, 48, 49, 52, 53, 58, 59, 60, 64, 66, 77, 78, 79, 80, 81, 82, 84, 85, 89, 90, 91, 93, 94, 95, 98, 99, 104, 105, 106, 108, 109, 110, 112, 113, 115, 116, 117, 119, 120, 121, 122, 125, 126, 128, 130, 131, 134, 135, 137, 138, 139, 141, 143, 145], "summary": {"covered_lines": 83, "num_statements": 90, "percent_covered": 92.22222222222223, "percent_covered_display": "92", "missing_lines": 7, "excluded_lines": 0, "percent_statements_covered": 92.22222222222223, "percent_statements_covered_display": "92"}, "missing_lines": [29, 36, 37, 62, 86, 87, 146], "excluded_lines": [], "functions": {"make_pinterest_request": {"executed_lines": [21, 22, 27, 28, 31, 32, 33, 34, 35, 38, 39, 40], "summary": {"covered_lines": 12, "num_statements": 15, "percent_covered": 80.0, "percent_covered_display": "80", "missing_lines": 3, "excluded_lines": 0, "percent_statements_covered": 80.0, "percent_statements_covered_display": "80"}, "missing_lines": [29, 36, 37], "excluded_lines": [], "start_line": 20}, "get_or_create_board": {"executed_lines": [44, 45, 46, 47, 48, 49, 52, 53, 58, 59, 60], "summary": {"covered_lines": 11, "num_statements": 12, "percent_covered": 91.66666666666667, "percent_covered_display": "92", "missing_lines": 1, "excluded_lines": 0, "percent_statements_covered": 91.66666666666667, "percent_statements_covered_display": "92"}, "missing_lines": [62], "excluded_lines": [], "start_line": 42}, "create_pin": {"executed_lines": [66, 77, 78, 79, 80, 81, 82], "summary": {"covered_lines": 7, "num_statements": 7, "percent_covered": 100.0, "percent_covered_display": "100", "missing_lines": 0, "excluded_lines": 0, "percent_statements_covered": 100.0, "percent_statements_covered_display": "100"}, "missing_lines": [], "excluded_lines": [], "start_line": 64}, "main": {"executed_lines": [85, 89, 90, 91, 93, 94, 95, 98, 99, 104, 105, 106, 108, 109, 110, 112, 113, 115, 116, 117, 119, 120, 121, 122, 125, 126, 128, 130, 131, 134, 135, 137, 138, 139, 141, 143], "summary": {"covered_lines": 36, "num_statements": 38, "percent_covered": 94.73684210526316, "percent_covered_display": "95", "missing_lines": 2, "excluded_lines": 0, "percent_statements_covered": 94.73684210526316, "percent_statements_covered_display": "95"}, "missing_lines": [86, 87], "excluded_lines": [], "start_line": 84}, "": {"executed_lines": [5, 6, 7, 8, 9, 10, 11, 12, 14, 15, 17, 18, 20, 42, 64, 84, 145], "summary": {"covered_lines": 17, "num_statements": 18, "percent_covered": 94.44444444444444, "percent_covered_display": "94", "missing_lines": 1, "excluded_lines": 0, "percent_statements_covered": 94.44444444444444, "percent_statements_covered_display": "94"}, "missing_lines": [146], "excluded_lines": [], "start_line": 1}}, "classes": {"": {"executed_lines": [5, 6, 7, 8, 9, 10, 11, 12, 14, 15, 17, 18, 20, 21, 22, 27, 28, 31, 32, 33, 34, 35, 38, 39, 40, 42, 44, 45, 46, 47, 48, 49, 52, 53, 58, 59, 60, 64, 66, 77, 78, 79, 80, 81, 82, 84, 85, 89, 90, 91, 93, 94, 95, 98, 99, 104, 105, 106, 108, 109, 110, 112, 113, 115, 116, 117, 119, 120, 121, 122, 125, 126, 128, 130, 131, 134, 135, 137, 138, 139, 141, 143, 145], "summary": {"covered_lines": 83, "num_statements": 90, "percent_covered": 92.22222222222223, "percent_covered_display": "92", "missing_lines": 7, "excluded_lines": 0, "percent_statements_covered": 92.22222222222223, "percent_statements_covered_display": "92"}, "missing_lines": [29, 36, 37, 62, 86, 87, 146], "excluded_lines": [], "start_line": 1}}}, "scripts\\post_social.py": {"executed_lines": [7, 8, 9, 10, 11, 13, 15, 18, 27, 28, 31, 40, 41, 42, 45, 54, 55, 56, 59, 61, 75, 78, 79, 81, 84, 97, 98, 100, 101, 102, 105, 106, 108, 109, 110, 112, 113, 114, 115, 116, 117, 118, 119, 120, 123, 125, 127, 128, 129, 130, 132, 133, 135, 136, 137, 139, 141, 142, 144, 147, 150], "summary": {"covered_lines": 61, "num_statements": 62, "percent_covered": 98.38709677419355, "percent_covered_display": "98", "missing_lines": 1, "excluded_lines": 0, "percent_statements_covered": 98.38709677419355, "percent_statements_covered_display": "98"}, "missing_lines": [151], "excluded_lines": [], "functions": {"get_daily_seed": {"executed_lines": [27, 28], "summary": {"covered_lines": 2, "num_statements": 2, "percent_covered": 100.0, "percent_covered_display": "100", "missing_lines": 0, "excluded_lines": 0, "percent_statements_covered": 100.0, "percent_statements_covered_display": "100"}, "missing_lines": [], "excluded_lines": [], "start_line": 18}, "pick_random_item": {"executed_lines": [40, 41, 42], "summary": {"covered_lines": 3, "num_statements": 3, "percent_covered": 100.0, "percent_covered_display": "100", "missing_lines": 0, "excluded_lines": 0, "percent_statements_covered": 100.0, "percent_statements_covered_display": "100"}, "missing_lines": [], "excluded_lines": [], "start_line": 31}, "format_post": {"executed_lines": [54, 55, 56, 59, 61, 75, 78, 79, 81], "summary": {"covered_lines": 9, "num_statements": 9, "percent_covered": 100.0, "percent_covered_display": "100", "missing_lines": 0, "excluded_lines": 0, "percent_statements_covered": 100.0, "percent_statements_covered_display": "100"}, "missing_lines": [], "excluded_lines": [], "start_line": 45}, "post_to_mastodon": {"executed_lines": [97, 98, 100, 101, 102, 105, 106, 108, 109, 110, 112, 113, 114, 115, 116, 117, 118, 119, 120], "summary": {"covered_lines": 19, "num_statements": 19, "percent_covered": 100.0, "percent_covered_display": "100", "missing_lines": 0, "excluded_lines": 0, "percent_statements_covered": 100.0, "percent_statements_covered_display": "100"}, "missing_lines": [], "excluded_lines": [], "start_line": 84}, "main": {"executed_lines": [125, 127, 128, 129, 130, 132, 133, 135, 136, 137, 139, 141, 142, 144, 147], "summary": {"covered_lines": 15, "num_statements": 15, "percent_covered": 100.0, "percent_covered_display": "100", "missing_lines": 0, "excluded_lines": 0, "percent_statements_covered": 100.0, "percent_statements_covered_display": "100"}, "missing_lines": [], "excluded_lines": [], "start_line": 123}, "": {"executed_lines": [7, 8, 9, 10, 11, 13, 15, 18, 31, 45, 84, 123, 150], "summary": {"covered_lines": 13, "num_statements": 14, "percent_covered": 92.85714285714286, "percent_covered_display": "93", "missing_lines": 1, "excluded_lines": 0, "percent_statements_covered": 92.85714285714286, "percent_statements_covered_display": "93"}, "missing_lines": [151], "excluded_lines": [], "start_line": 1}}, "classes": {"": {"executed_lines": [7, 8, 9, 10, 11, 13, 15, 18, 27, 28, 31, 40, 41, 42, 45, 54, 55, 56, 59, 61, 75, 78, 79, 81, 84, 97, 98, 100, 101, 102, 105, 106, 108, 109, 110, 112, 113, 114, 115, 116, 117, 118, 119, 120, 123, 125, 127, 128, 129, 130, 132, 133, 135, 136, 137, 139, 141, 142, 144, 147, 150], "summary": {"covered_lines": 61, "num_statements": 62, "percent_covered": 98.38709677419355, "percent_covered_display": "98", "missing_lines": 1, "excluded_lines": 0, "percent_statements_covered": 98.38709677419355, "percent_statements_covered_display": "98"}, "missing_lines": [151], "excluded_lines": [], "start_line": 1}}}, "scripts\\sync_project_scripts.py": {"executed_lines": [1, 2, 3, 6, 20, 21, 22, 24, 25, 27, 32, 33, 37, 40, 41, 42, 45, 47, 48, 51, 53, 55, 57, 58, 63, 64, 65, 66, 72, 73, 74, 75, 76, 77, 79, 80, 81, 82, 84, 86], "summary": {"covered_lines": 40, "num_statements": 49, "percent_covered": 81.63265306122449, "percent_covered_display": "82", "missing_lines": 9, "excluded_lines": 0, "percent_statements_covered": 81.63265306122449, "percent_statements_covered_display": "82"}, "missing_lines": [28, 29, 34, 38, 60, 67, 68, 69, 87], "excluded_lines": [], "functions": {"sync_scripts": {"executed_lines": [25, 27, 32, 33, 37, 40, 41, 42, 45, 47, 48, 51, 53, 55, 57, 58, 63, 64, 65, 66, 72, 73, 74, 75, 76, 77, 79, 80, 81, 82, 84], "summary": {"covered_lines": 31, "num_statements": 39, "percent_covered": 79.48717948717949, "percent_covered_display": "79", "missing_lines": 8, "excluded_lines": 0, "percent_statements_covered": 79.48717948717949, "percent_statements_covered_display": "79"}, "missing_lines": [28, 29, 34, 38, 60, 67, 68, 69], "excluded_lines": [], "start_line": 24}, "": {"executed_lines": [1, 2, 3, 6, 20, 21, 22, 24, 86], "summary": {"covered_lines": 9, "num_statements": 10, "percent_covered": 90.0, "percent_covered_display": "90", "missing_lines": 1, "excluded_lines": 0, "percent_statements_covered": 90.0, "percent_statements_covered_display": "90"}, "missing_lines": [87], "excluded_lines": [], "start_line": 1}}, "classes": {"": {"executed_lines": [1, 2, 3, 6, 20, 21, 22, 24, 25, 27, 32, 33, 37, 40, 41, 42, 45, 47, 48, 51, 53, 55, 57, 58, 63, 64, 65, 66, 72, 73, 74, 75, 76, 77, 79, 80, 81, 82, 84, 86], "summary": {"covered_lines": 40, "num_statements": 49, "percent_covered": 81.63265306122449, "percent_covered_display": "82", "missing_lines": 9, "excluded_lines": 0, "percent_statements_covered": 81.63265306122449, "percent_statements_covered_display": "82"}, "missing_lines": [28, 29, 34, 38, 60, 67, 68, 69, 87], "excluded_lines": [], "start_line": 1}}}, "scripts\\update_docs.py": {"executed_lines": [1, 3, 15, 16, 43, 44, 46, 47, 61, 62, 64, 65, 90, 91, 93, 94, 120, 121, 123, 124, 125, 127, 128, 131, 132, 133, 134, 135, 136, 139, 140, 141, 142, 145, 146, 147, 148, 149, 150, 151, 152, 153, 154, 155, 156, 157, 158, 159, 160, 161, 162, 165, 166, 167, 169, 171, 172, 173, 174, 175, 176, 178, 179, 181], "summary": {"covered_lines": 64, "num_statements": 67, "percent_covered": 95.5223880597015, "percent_covered_display": "96", "missing_lines": 3, "excluded_lines": 0, "percent_statements_covered": 95.5223880597015, "percent_statements_covered_display": "96"}, "missing_lines": [129, 163, 164], "excluded_lines": [], "functions": {"update_architecture": {"executed_lines": [16, 43, 44], "summary": {"covered_lines": 3, "num_statements": 3, "percent_covered": 100.0, "percent_covered_display": "100", "missing_lines": 0, "excluded_lines": 0, "percent_statements_covered": 100.0, "percent_statements_covered_display": "100"}, "missing_lines": [], "excluded_lines": [], "start_line": 15}, "update_technical_requirements": {"executed_lines": [47, 61, 62], "summary": {"covered_lines": 3, "num_statements": 3, "percent_covered": 100.0, "percent_covered_display": "100", "missing_lines": 0, "excluded_lines": 0, "percent_statements_covered": 100.0, "percent_statements_covered_display": "100"}, "missing_lines": [], "excluded_lines": [], "start_line": 46}, "update_testing_md": {"executed_lines": [65, 90, 91], "summary": {"covered_lines": 3, "num_statements": 3, "percent_covered": 100.0, "percent_covered_display": "100", "missing_lines": 0, "excluded_lines": 0, "percent_statements_covered": 100.0, "percent_statements_covered_display": "100"}, "missing_lines": [], "excluded_lines": [], "start_line": 64}, "update_setup_guide": {"executed_lines": [94, 120, 121], "summary": {"covered_lines": 3, "num_statements": 3, "percent_covered": 100.0, "percent_covered_display": "100", "missing_lines": 0, "excluded_lines": 0, "percent_statements_covered": 100.0, "percent_statements_covered_display": "100"}, "missing_lines": [], "excluded_lines": [], "start_line": 93}, "": {"executed_lines": [1, 3, 15, 46, 64, 93, 123, 124, 125, 127, 128, 131, 132, 133, 134, 135, 136, 139, 140, 141, 142, 145, 146, 147, 148, 149, 150, 151, 152, 153, 154, 155, 156, 157, 158, 159, 160, 161, 162, 165, 166, 167, 169, 171, 172, 173, 174, 175, 176, 178, 179, 181], "summary": {"covered_lines": 52, "num_statements": 55, "percent_covered": 94.54545454545455, "percent_covered_display": "95", "missing_lines": 3, "excluded_lines": 0, "percent_statements_covered": 94.54545454545455, "percent_statements_covered_display": "95"}, "missing_lines": [129, 163, 164], "excluded_lines": [], "start_line": 1}}, "classes": {"": {"executed_lines": [1, 3, 15, 16, 43, 44, 46, 47, 61, 62, 64, 65, 90, 91, 93, 94, 120, 121, 123, 124, 125, 127, 128, 131, 132, 133, 134, 135, 136, 139, 140, 141, 142, 145, 146, 147, 148, 149, 150, 151, 152, 153, 154, 155, 156, 157, 158, 159, 160, 161, 162, 165, 166, 167, 169, 171, 172, 173, 174, 175, 176, 178, 179, 181], "summary": {"covered_lines": 64, "num_statements": 67, "percent_covered": 95.5223880597015, "percent_covered_display": "96", "missing_lines": 3, "excluded_lines": 0, "percent_statements_covered": 95.5223880597015, "percent_statements_covered_display": "96"}, "missing_lines": [129, 163, 164], "excluded_lines": [], "start_line": 1}}}, "scripts\\utils.py": {"executed_lines": [4, 5, 6, 7, 8, 11, 12, 13, 14, 15, 18, 19, 20, 21, 22, 23, 27, 28, 30, 32, 34, 38, 39, 40, 43, 44, 45, 46, 49, 50, 51, 54, 55, 56, 59, 61, 63, 64, 65, 66, 69, 71, 73, 75, 77, 79, 80, 83, 85, 88, 89, 91, 92, 94, 95, 98, 99, 100, 103, 109, 111, 113, 115, 117, 120, 123, 130, 131, 133, 135, 136, 137, 140, 142, 145, 154, 155, 156, 157, 158, 159, 162, 165, 167, 168, 169, 170, 171], "summary": {"covered_lines": 88, "num_statements": 101, "percent_covered": 87.12871287128714, "percent_covered_display": "87", "missing_lines": 13, "excluded_lines": 0, "percent_statements_covered": 87.12871287128714, "percent_statements_covered_display": "87"}, "missing_lines": [24, 25, 31, 33, 86, 101, 105, 106, 110, 112, 114, 116, 118], "excluded_lines": [], "functions": {"get_config": {"executed_lines": [28, 30, 32, 34], "summary": {"covered_lines": 4, "num_statements": 6, "percent_covered": 66.66666666666667, "percent_covered_display": "67", "missing_lines": 2, "excluded_lines": 0, "percent_statements_covered": 66.66666666666667, "percent_statements_covered_display": "67"}, "missing_lines": [31, 33], "excluded_lines": [], "start_line": 27}, "slugify": {"executed_lines": [63, 64, 65, 66, 69, 71, 73, 75, 77, 79, 80], "summary": {"covered_lines": 11, "num_statements": 11, "percent_covered": 100.0, "percent_covered_display": "100", "missing_lines": 0, "excluded_lines": 0, "percent_statements_covered": 100.0, "percent_statements_covered_display": "100"}, "missing_lines": [], "excluded_lines": [], "start_line": 61}, "load_database": {"executed_lines": [85, 88, 89, 91, 92, 94, 95, 98, 99, 100, 103, 109, 111, 113, 115, 117, 120], "summary": {"covered_lines": 17, "num_statements": 26, "percent_covered": 65.38461538461539, "percent_covered_display": "65", "missing_lines": 9, "excluded_lines": 0, "percent_statements_covered": 65.38461538461539, "percent_statements_covered_display": "65"}, "missing_lines": [86, 101, 105, 106, 110, 112, 114, 116, 118], "excluded_lines": [], "start_line": 83}, "save_database": {"executed_lines": [130, 131, 133, 135, 136, 137], "summary": {"covered_lines": 6, "num_statements": 6, "percent_covered": 100.0, "percent_covered_display": "100", "missing_lines": 0, "excluded_lines": 0, "percent_statements_covered": 100.0, "percent_statements_covered_display": "100"}, "missing_lines": [], "excluded_lines": [], "start_line": 123}, "ensure_dir": {"executed_lines": [142], "summary": {"covered_lines": 1, "num_statements": 1, "percent_covered": 100.0, "percent_covered_display": "100", "missing_lines": 0, "excluded_lines": 0, "percent_statements_covered": 100.0, "percent_statements_covered_display": "100"}, "missing_lines": [], "excluded_lines": [], "start_line": 140}, "get_categories": {"executed_lines": [154, 155, 156, 157, 158, 159, 162], "summary": {"covered_lines": 7, "num_statements": 7, "percent_covered": 100.0, "percent_covered_display": "100", "missing_lines": 0, "excluded_lines": 0, "percent_statements_covered": 100.0, "percent_statements_covered_display": "100"}, "missing_lines": [], "excluded_lines": [], "start_line": 145}, "truncate": {"executed_lines": [167, 168, 169, 170, 171], "summary": {"covered_lines": 5, "num_statements": 5, "percent_covered": 100.0, "percent_covered_display": "100", "missing_lines": 0, "excluded_lines": 0, "percent_statements_covered": 100.0, "percent_statements_covered_display": "100"}, "missing_lines": [], "excluded_lines": [], "start_line": 165}, "": {"executed_lines": [4, 5, 6, 7, 8, 11, 12, 13, 14, 15, 18, 19, 20, 21, 22, 23, 27, 38, 39, 40, 43, 44, 45, 46, 49, 50, 51, 54, 55, 56, 59, 61, 83, 123, 140, 145, 165], "summary": {"covered_lines": 37, "num_statements": 39, "percent_covered": 94.87179487179488, "percent_covered_display": "95", "missing_lines": 2, "excluded_lines": 0, "percent_statements_covered": 94.87179487179488, "percent_statements_covered_display": "95"}, "missing_lines": [24, 25], "excluded_lines": [], "start_line": 1}}, "classes": {"": {"executed_lines": [4, 5, 6, 7, 8, 11, 12, 13, 14, 15, 18, 19, 20, 21, 22, 23, 27, 28, 30, 32, 34, 38, 39, 40, 43, 44, 45, 46, 49, 50, 51, 54, 55, 56, 59, 61, 63, 64, 65, 66, 69, 71, 73, 75, 77, 79, 80, 83, 85, 88, 89, 91, 92, 94, 95, 98, 99, 100, 103, 109, 111, 113, 115, 117, 120, 123, 130, 131, 133, 135, 136, 137, 140, 142, 145, 154, 155, 156, 157, 158, 159, 162, 165, 167, 168, 169, 170, 171], "summary": {"covered_lines": 88, "num_statements": 101, "percent_covered": 87.12871287128714, "percent_covered_display": "87", "missing_lines": 13, "excluded_lines": 0, "percent_statements_covered": 87.12871287128714, "percent_statements_covered_display": "87"}, "missing_lines": [24, 25, 31, 33, 86, 101, 105, 106, 110, 112, 114, 116, 118], "excluded_lines": [], "start_line": 1}}}}, "totals": {"covered_lines": 970, "num_statements": 1061, "percent_covered": 91.42318567389255, "percent_covered_display": "91", "missing_lines": 91, "excluded_lines": 0, "percent_statements_covered": 91.42318567389255, "percent_statements_covered_display": "91"}}