{"meta": {"format": 3, "version": "7.13.3", "timestamp": "2026-03-11T11:07:36.875267", "branch_coverage": false, "show_contexts": false}, "files": {"scripts\\__init__.py": {"executed_lines": [], "summary": {"covered_lines": 0, "num_statements": 0, "percent_covered": 100.0, "percent_covered_display": "100", "missing_lines": 0, "excluded_lines": 0, "percent_statements_covered": 100.0, "percent_statements_covered_display": "100"}, "missing_lines": [], "excluded_lines": [], "functions": {"": {"executed_lines": [], "summary": {"covered_lines": 0, "num_statements": 0, "percent_covered": 100.0, "percent_covered_display": "100", "missing_lines": 0, "excluded_lines": 0, "percent_statements_covered": 100.0, "percent_statements_covered_display": "100"}, "missing_lines": [], "excluded_lines": [], "start_line": 1}}, "classes": {"": {"executed_lines": [], "summary": {"covered_lines": 0, "num_statements": 0, "percent_covered": 100.0, "percent_covered_display": "100", "missing_lines": 0, "excluded_lines": 0, "percent_statements_covered": 100.0, "percent_statements_covered_display": "100"}, "missing_lines": [], "excluded_lines": [], "start_line": 1}}}, "scripts\\build_directory.py": {"executed_lines": [7, 8, 9, 10, 11, 12, 13, 16, 17, 20, 22, 44, 47, 149, 155, 156, 158, 159, 160, 174, 176, 184, 185, 188, 204, 207, 209, 211, 212, 213, 214, 215, 217, 220, 221, 222, 223, 227, 229, 230, 231, 271, 279, 280, 281, 283, 284, 288, 295, 296, 305, 315, 316, 318, 321, 328, 329, 330, 332, 337, 338, 340, 352, 353, 355, 358, 366, 368, 374, 377, 388, 389, 390, 393, 395, 397, 404, 405, 406, 409, 415, 418, 419, 423, 426, 434, 437, 440, 441, 442, 443, 446, 450, 452, 453, 454, 455, 456, 457, 458, 460, 461, 464, 465, 466, 467, 468, 469, 471, 478, 479, 486, 488, 490, 492, 498, 502], "summary": {"covered_lines": 117, "num_statements": 163, "percent_covered": 71.77914110429448, "percent_covered_display": "72", "missing_lines": 46, "excluded_lines": 0, "percent_statements_covered": 71.77914110429448, "percent_statements_covered_display": "72"}, "missing_lines": [18, 166, 167, 168, 169, 170, 171, 216, 233, 234, 235, 236, 237, 239, 240, 241, 243, 244, 245, 246, 247, 249, 251, 253, 254, 256, 259, 261, 262, 263, 264, 265, 266, 267, 269, 270, 285, 286, 420, 421, 429, 430, 431, 433, 499, 503], "excluded_lines": [], "functions": {"minify_html": {"executed_lines": [159, 160], "summary": {"covered_lines": 2, "num_statements": 5, "percent_covered": 40.0, "percent_covered_display": "40", "missing_lines": 3, "excluded_lines": 0, "percent_statements_covered": 40.0, "percent_statements_covered_display": "40"}, "missing_lines": [166, 167, 168], "excluded_lines": [], "start_line": 158}, "create_jinja_env": {"executed_lines": [176, 184, 185, 188, 204], "summary": {"covered_lines": 5, "num_statements": 5, "percent_covered": 100.0, "percent_covered_display": "100", "missing_lines": 0, "excluded_lines": 0, "percent_statements_covered": 100.0, "percent_statements_covered_display": "100"}, "missing_lines": [], "excluded_lines": [], "start_line": 174}, "copy_static_assets": {"executed_lines": [209, 211, 212, 213, 214, 215, 217, 220, 221, 222, 223], "summary": {"covered_lines": 11, "num_statements": 12, "percent_covered": 91.66666666666667, "percent_covered_display": "92", "missing_lines": 1, "excluded_lines": 0, "percent_statements_covered": 91.66666666666667, "percent_statements_covered_display": "92"}, "missing_lines": [216], "excluded_lines": [], "start_line": 207}, "optimize_images": {"executed_lines": [229, 230, 231], "summary": {"covered_lines": 3, "num_statements": 31, "percent_covered": 9.67741935483871, "percent_covered_display": "10", "missing_lines": 28, "excluded_lines": 0, "percent_statements_covered": 9.67741935483871, "percent_statements_covered_display": "10"}, "missing_lines": [233, 234, 235, 236, 237, 239, 240, 241, 243, 244, 245, 246, 247, 249, 251, 253, 254, 256, 259, 261, 262, 263, 264, 265, 266, 267, 269, 270], "excluded_lines": [], "start_line": 227}, "build_item_pages": {"executed_lines": [279, 280, 281, 283, 284, 288, 295, 296, 305, 315, 316, 318], "summary": {"covered_lines": 12, "num_statements": 14, "percent_covered": 85.71428571428571, "percent_covered_display": "86", "missing_lines": 2, "excluded_lines": 0, "percent_statements_covered": 85.71428571428571, "percent_statements_covered_display": "86"}, "missing_lines": [285, 286], "excluded_lines": [], "start_line": 271}, "build_category_pages": {"executed_lines": [328, 329, 330, 332, 337, 338, 340, 352, 353, 355], "summary": {"covered_lines": 10, "num_statements": 10, "percent_covered": 100.0, "percent_covered_display": "100", "missing_lines": 0, "excluded_lines": 0, "percent_statements_covered": 100.0, "percent_statements_covered_display": "100"}, "missing_lines": [], "excluded_lines": [], "start_line": 321}, "build_index_page": {"executed_lines": [366, 368, 374, 377, 388, 389, 390], "summary": {"covered_lines": 7, "num_statements": 7, "percent_covered": 100.0, "percent_covered_display": "100", "missing_lines": 0, "excluded_lines": 0, "percent_statements_covered": 100.0, "percent_statements_covered_display": "100"}, "missing_lines": [], "excluded_lines": [], "start_line": 358}, "build_404_page": {"executed_lines": [395, 397, 404, 405, 406], "summary": {"covered_lines": 5, "num_statements": 5, "percent_covered": 100.0, "percent_covered_display": "100", "missing_lines": 0, "excluded_lines": 0, "percent_statements_covered": 100.0, "percent_statements_covered_display": "100"}, "missing_lines": [], "excluded_lines": [], "start_line": 393}, "build_site": {"executed_lines": [415, 418, 419, 423, 426, 434, 437, 440, 441, 442, 443, 446, 450, 452, 453, 454, 455, 456, 457, 458, 460, 461, 464, 465, 466, 467, 468, 469, 471, 478, 479, 486, 488, 490, 492], "summary": {"covered_lines": 35, "num_statements": 41, "percent_covered": 85.36585365853658, "percent_covered_display": "85", "missing_lines": 6, "excluded_lines": 0, "percent_statements_covered": 85.36585365853658, "percent_statements_covered_display": "85"}, "missing_lines": [420, 421, 429, 430, 431, 433], "excluded_lines": [], "start_line": 409}, "main": {"executed_lines": [], "summary": {"covered_lines": 0, "num_statements": 1, "percent_covered": 0.0, "percent_covered_display": "0", "missing_lines": 1, "excluded_lines": 0, "percent_statements_covered": 0.0, "percent_statements_covered_display": "0"}, "missing_lines": [499], "excluded_lines": [], "start_line": 498}, "": {"executed_lines": [7, 8, 9, 10, 11, 12, 13, 16, 17, 20, 22, 44, 47, 149, 155, 156, 158, 174, 207, 227, 271, 321, 358, 393, 409, 498, 502], "summary": {"covered_lines": 27, "num_statements": 32, "percent_covered": 84.375, "percent_covered_display": "84", "missing_lines": 5, "excluded_lines": 0, "percent_statements_covered": 84.375, "percent_statements_covered_display": "84"}, "missing_lines": [18, 169, 170, 171, 503], "excluded_lines": [], "start_line": 1}}, "classes": {"": {"executed_lines": [7, 8, 9, 10, 11, 12, 13, 16, 17, 20, 22, 44, 47, 149, 155, 156, 158, 159, 160, 174, 176, 184, 185, 188, 204, 207, 209, 211, 212, 213, 214, 215, 217, 220, 221, 222, 223, 227, 229, 230, 231, 271, 279, 280, 281, 283, 284, 288, 295, 296, 305, 315, 316, 318, 321, 328, 329, 330, 332, 337, 338, 340, 352, 353, 355, 358, 366, 368, 374, 377, 388, 389, 390, 393, 395, 397, 404, 405, 406, 409, 415, 418, 419, 423, 426, 434, 437, 440, 441, 442, 443, 446, 450, 452, 453, 454, 455, 456, 457, 458, 460, 461, 464, 465, 466, 467, 468, 469, 471, 478, 479, 486, 488, 490, 492, 498, 502], "summary": {"covered_lines": 117, "num_statements": 163, "percent_covered": 71.77914110429448, "percent_covered_display": "72", "missing_lines": 46, "excluded_lines": 0, "percent_statements_covered": 71.77914110429448, "percent_statements_covered_display": "72"}, "missing_lines": [18, 166, 167, 168, 169, 170, 171, 216, 233, 234, 235, 236, 237, 239, 240, 241, 243, 244, 245, 246, 247, 249, 251, 253, 254, 256, 259, 261, 262, 263, 264, 265, 266, 267, 269, 270, 285, 286, 420, 421, 429, 430, 431, 433, 499, 503], "excluded_lines": [], "start_line": 1}}}, "scripts\\utils.py": {"executed_lines": [4, 5, 6, 7, 8, 11, 12, 13, 14, 15, 18, 19, 20, 27, 28, 30, 32, 34, 38, 39, 43, 44, 45, 46, 49, 50, 51, 54, 55, 56, 59, 61, 63, 64, 65, 66, 69, 71, 73, 75, 77, 79, 80, 83, 85, 88, 91, 92, 94, 98, 99, 100, 101, 103, 105, 106, 109, 110, 111, 112, 113, 114, 115, 116, 117, 120, 123, 130, 133, 140, 142, 145, 154, 155, 156, 157, 158, 159, 162, 165, 167, 168, 169, 170, 171], "summary": {"covered_lines": 85, "num_statements": 101, "percent_covered": 84.15841584158416, "percent_covered_display": "84", "missing_lines": 16, "excluded_lines": 0, "percent_statements_covered": 84.15841584158416, "percent_statements_covered_display": "84"}, "missing_lines": [21, 22, 23, 24, 25, 31, 33, 40, 86, 89, 95, 118, 131, 135, 136, 137], "excluded_lines": [], "functions": {"get_config": {"executed_lines": [28, 30, 32, 34], "summary": {"covered_lines": 4, "num_statements": 6, "percent_covered": 66.66666666666667, "percent_covered_display": "67", "missing_lines": 2, "excluded_lines": 0, "percent_statements_covered": 66.66666666666667, "percent_statements_covered_display": "67"}, "missing_lines": [31, 33], "excluded_lines": [], "start_line": 27}, "slugify": {"executed_lines": [63, 64, 65, 66, 69, 71, 73, 75, 77, 79, 80], "summary": {"covered_lines": 11, "num_statements": 11, "percent_covered": 100.0, "percent_covered_display": "100", "missing_lines": 0, "excluded_lines": 0, "percent_statements_covered": 100.0, "percent_statements_covered_display": "100"}, "missing_lines": [], "excluded_lines": [], "start_line": 61}, "load_database": {"executed_lines": [85, 88, 91, 92, 94, 98, 99, 100, 101, 103, 105, 106, 109, 110, 111, 112, 113, 114, 115, 116, 117, 120], "summary": {"covered_lines": 22, "num_statements": 26, "percent_covered": 84.61538461538461, "percent_covered_display": "85", "missing_lines": 4, "excluded_lines": 0, "percent_statements_covered": 84.61538461538461, "percent_statements_covered_display": "85"}, "missing_lines": [86, 89, 95, 118], "excluded_lines": [], "start_line": 83}, "save_database": {"executed_lines": [130, 133], "summary": {"covered_lines": 2, "num_statements": 6, "percent_covered": 33.333333333333336, "percent_covered_display": "33", "missing_lines": 4, "excluded_lines": 0, "percent_statements_covered": 33.333333333333336, "percent_statements_covered_display": "33"}, "missing_lines": [131, 135, 136, 137], "excluded_lines": [], "start_line": 123}, "ensure_dir": {"executed_lines": [142], "summary": {"covered_lines": 1, "num_statements": 1, "percent_covered": 100.0, "percent_covered_display": "100", "missing_lines": 0, "excluded_lines": 0, "percent_statements_covered": 100.0, "percent_statements_covered_display": "100"}, "missing_lines": [], "excluded_lines": [], "start_line": 140}, "get_categories": {"executed_lines": [154, 155, 156, 157, 158, 159, 162], "summary": {"covered_lines": 7, "num_statements": 7, "percent_covered": 100.0, "percent_covered_display": "100", "missing_lines": 0, "excluded_lines": 0, "percent_statements_covered": 100.0, "percent_statements_covered_display": "100"}, "missing_lines": [], "excluded_lines": [], "start_line": 145}, "truncate": {"executed_lines": [167, 168, 169, 170, 171], "summary": {"covered_lines": 5, "num_statements": 5, "percent_covered": 100.0, "percent_covered_display": "100", "missing_lines": 0, "excluded_lines": 0, "percent_statements_covered": 100.0, "percent_statements_covered_display": "100"}, "missing_lines": [], "excluded_lines": [], "start_line": 165}, "": {"executed_lines": [4, 5, 6, 7, 8, 11, 12, 13, 14, 15, 18, 19, 20, 27, 38, 39, 43, 44, 45, 46, 49, 50, 51, 54, 55, 56, 59, 61, 83, 123, 140, 145, 165], "summary": {"covered_lines": 33, "num_statements": 39, "percent_covered": 84.61538461538461, "percent_covered_display": "85", "missing_lines": 6, "excluded_lines": 0, "percent_statements_covered": 84.61538461538461, "percent_statements_covered_display": "85"}, "missing_lines": [21, 22, 23, 24, 25, 40], "excluded_lines": [], "start_line": 1}}, "classes": {"": {"executed_lines": [4, 5, 6, 7, 8, 11, 12, 13, 14, 15, 18, 19, 20, 27, 28, 30, 32, 34, 38, 39, 43, 44, 45, 46, 49, 50, 51, 54, 55, 56, 59, 61, 63, 64, 65, 66, 69, 71, 73, 75, 77, 79, 80, 83, 85, 88, 91, 92, 94, 98, 99, 100, 101, 103, 105, 106, 109, 110, 111, 112, 113, 114, 115, 116, 117, 120, 123, 130, 133, 140, 142, 145, 154, 155, 156, 157, 158, 159, 162, 165, 167, 168, 169, 170, 171], "summary": {"covered_lines": 85, "num_statements": 101, "percent_covered": 84.15841584158416, "percent_covered_display": "84", "missing_lines": 16, "excluded_lines": 0, "percent_statements_covered": 84.15841584158416, "percent_statements_covered_display": "84"}, "missing_lines": [21, 22, 23, 24, 25, 31, 33, 40, 86, 89, 95, 118, 131, 135, 136, 137], "excluded_lines": [], "start_line": 1}}}}, "totals": {"covered_lines": 202, "num_statements": 264, "percent_covered": 76.51515151515152, "percent_covered_display": "77", "missing_lines": 62, "excluded_lines": 0, "percent_statements_covered": 76.51515151515152, "percent_statements_covered_display": "77"}}